2018-09-09 20:44:37.289 [main] INFO  o.s.b.t.context.SpringBootTestContextBootstrapper - Neither @ContextConfiguration nor @ContextHierarchy found for test class [UserTest], using SpringBootContextLoader
2018-09-09 20:44:37.308 [main] INFO  o.s.test.context.support.AbstractContextLoader - Could not detect default resource locations for test class [UserTest]: no resource found for suffixes {-context.xml, Context.groovy}.
2018-09-09 20:44:37.310 [main] INFO  o.s.t.c.support.AnnotationConfigContextLoaderUtils - Could not detect default configuration classes for test class [UserTest]: UserTest does not declare any static, non-private, non-final, nested classes annotated with @Configuration.
2018-09-09 20:47:40.829 [main] INFO  o.s.b.t.context.SpringBootTestContextBootstrapper - Neither @ContextConfiguration nor @ContextHierarchy found for test class [UserTest], using SpringBootContextLoader
2018-09-09 20:47:40.850 [main] INFO  o.s.test.context.support.AbstractContextLoader - Could not detect default resource locations for test class [UserTest]: no resource found for suffixes {-context.xml, Context.groovy}.
2018-09-09 20:47:40.852 [main] INFO  o.s.t.c.support.AnnotationConfigContextLoaderUtils - Could not detect default configuration classes for test class [UserTest]: UserTest does not declare any static, non-private, non-final, nested classes annotated with @Configuration.
2018-09-09 20:48:38.259 [main] INFO  o.s.b.t.context.SpringBootTestContextBootstrapper - Neither @ContextConfiguration nor @ContextHierarchy found for test class [UserTest], using SpringBootContextLoader
2018-09-09 20:48:38.276 [main] INFO  o.s.test.context.support.AbstractContextLoader - Could not detect default resource locations for test class [UserTest]: no resource found for suffixes {-context.xml, Context.groovy}.
2018-09-09 20:48:38.516 [main] INFO  o.s.b.t.context.SpringBootTestContextBootstrapper - Loaded default TestExecutionListener class names from location [META-INF/spring.factories]: [org.springframework.boot.test.mock.mockito.MockitoTestExecutionListener, org.springframework.boot.test.mock.mockito.ResetMocksTestExecutionListener, org.springframework.boot.test.autoconfigure.restdocs.RestDocsTestExecutionListener, org.springframework.boot.test.autoconfigure.web.client.MockRestServiceServerResetTestExecutionListener, org.springframework.boot.test.autoconfigure.web.servlet.MockMvcPrintOnlyOnFailureTestExecutionListener, org.springframework.boot.test.autoconfigure.web.servlet.WebDriverTestExecutionListener, org.springframework.test.context.web.ServletTestExecutionListener, org.springframework.test.context.support.DirtiesContextBeforeModesTestExecutionListener, org.springframework.test.context.support.DependencyInjectionTestExecutionListener, org.springframework.test.context.support.DirtiesContextTestExecutionListener, org.springframework.test.context.transaction.TransactionalTestExecutionListener, org.springframework.test.context.jdbc.SqlScriptsTestExecutionListener]
2018-09-09 20:48:38.594 [main] INFO  o.s.b.t.context.SpringBootTestContextBootstrapper - Using TestExecutionListeners: [org.springframework.test.context.web.ServletTestExecutionListener@6f53b8a, org.springframework.test.context.support.DirtiesContextBeforeModesTestExecutionListener@5c80cf32, org.springframework.boot.test.mock.mockito.MockitoTestExecutionListener@7d900ecf, org.springframework.boot.test.autoconfigure.SpringBootDependencyInjectionTestExecutionListener@6f01b95f, org.springframework.test.context.support.DirtiesContextTestExecutionListener@4007f65e, org.springframework.test.context.transaction.TransactionalTestExecutionListener@1a245833, org.springframework.test.context.jdbc.SqlScriptsTestExecutionListener@673fdbce, org.springframework.boot.test.mock.mockito.ResetMocksTestExecutionListener@5965d37, org.springframework.boot.test.autoconfigure.restdocs.RestDocsTestExecutionListener@7a5ceedd, org.springframework.boot.test.autoconfigure.web.client.MockRestServiceServerResetTestExecutionListener@4201c465, org.springframework.boot.test.autoconfigure.web.servlet.MockMvcPrintOnlyOnFailureTestExecutionListener@5b799640, org.springframework.boot.test.autoconfigure.web.servlet.WebDriverTestExecutionListener@6cb107fd]
2018-09-09 20:48:40.330 [main] INFO  UserTest - Starting UserTest on jamie-li with PID 17036 (started by Administrator in C:\java_work\jamie.li_review\rabbitmq-learning\springboot-direct-exchange\rabbitmq-provider)
2018-09-09 20:48:40.331 [main] INFO  UserTest - No active profile set, falling back to default profiles: default
2018-09-09 20:48:40.463 [main] INFO  o.s.w.context.support.GenericWebApplicationContext - Refreshing org.springframework.web.context.support.GenericWebApplicationContext@3a6f2de3: startup date [Sun Sep 09 20:48:40 CST 2018]; root of context hierarchy
2018-09-09 20:48:41.936 [background-preinit] INFO  org.hibernate.validator.internal.util.Version - HV000001: Hibernate Validator 5.3.6.Final
2018-09-09 20:48:43.499 [main] INFO  o.s.c.s.PostProcessorRegistrationDelegate$BeanPostProcessorChecker - Bean 'org.springframework.amqp.rabbit.annotation.RabbitBootstrapConfiguration' of type [org.springframework.amqp.rabbit.annotation.RabbitBootstrapConfiguration$$EnhancerBySpringCGLIB$$43dc187] is not eligible for getting processed by all BeanPostProcessors (for example: not eligible for auto-proxying)
2018-09-09 20:48:43.718 [main] INFO  o.s.c.s.PostProcessorRegistrationDelegate$BeanPostProcessorChecker - Bean 'org.springframework.transaction.annotation.ProxyTransactionManagementConfiguration' of type [org.springframework.transaction.annotation.ProxyTransactionManagementConfiguration$$EnhancerBySpringCGLIB$$3dd20359] is not eligible for getting processed by all BeanPostProcessors (for example: not eligible for auto-proxying)
2018-09-09 20:48:45.498 [main] INFO  o.s.orm.jpa.LocalContainerEntityManagerFactoryBean - Building JPA container EntityManagerFactory for persistence unit 'default'
2018-09-09 20:48:45.529 [main] INFO  org.hibernate.jpa.internal.util.LogHelper - HHH000204: Processing PersistenceUnitInfo [
	name: default
	...]
2018-09-09 20:48:45.690 [main] INFO  org.hibernate.Version - HHH000412: Hibernate Core {5.0.12.Final}
2018-09-09 20:48:45.694 [main] INFO  org.hibernate.cfg.Environment - HHH000206: hibernate.properties not found
2018-09-09 20:48:45.697 [main] INFO  org.hibernate.cfg.Environment - HHH000021: Bytecode provider name : javassist
2018-09-09 20:48:45.801 [main] INFO  org.hibernate.annotations.common.Version - HCANN000001: Hibernate Commons Annotations {5.0.1.Final}
2018-09-09 20:48:46.146 [main] INFO  org.hibernate.dialect.Dialect - HHH000400: Using dialect: org.hibernate.dialect.MySQL5Dialect
2018-09-09 20:48:47.745 [main] INFO  o.s.orm.jpa.LocalContainerEntityManagerFactoryBean - Initialized JPA EntityManagerFactory for persistence unit 'default'
2018-09-09 20:48:50.146 [main] INFO  o.s.w.s.m.m.a.RequestMappingHandlerAdapter - Looking for @ControllerAdvice: org.springframework.web.context.support.GenericWebApplicationContext@3a6f2de3: startup date [Sun Sep 09 20:48:40 CST 2018]; root of context hierarchy
2018-09-09 20:48:50.425 [main] INFO  o.s.w.s.m.m.a.RequestMappingHandlerMapping - Mapped "{[/user/save],methods=[POST]}" onto public com.makesailing.neo.domain.UserEntity com.makesailing.neo.controller.UserController.save(com.makesailing.neo.domain.UserEntity) throws java.lang.Exception
2018-09-09 20:48:50.435 [main] INFO  o.s.w.s.m.m.a.RequestMappingHandlerMapping - Mapped "{[/error]}" onto public org.springframework.http.ResponseEntity<java.util.Map<java.lang.String, java.lang.Object>> org.springframework.boot.autoconfigure.web.BasicErrorController.error(javax.servlet.http.HttpServletRequest)
2018-09-09 20:48:50.438 [main] INFO  o.s.w.s.m.m.a.RequestMappingHandlerMapping - Mapped "{[/error],produces=[text/html]}" onto public org.springframework.web.servlet.ModelAndView org.springframework.boot.autoconfigure.web.BasicErrorController.errorHtml(javax.servlet.http.HttpServletRequest,javax.servlet.http.HttpServletResponse)
2018-09-09 20:48:50.670 [main] INFO  o.s.web.servlet.handler.SimpleUrlHandlerMapping - Mapped URL path [/webjars/**] onto handler of type [class org.springframework.web.servlet.resource.ResourceHttpRequestHandler]
2018-09-09 20:48:50.671 [main] INFO  o.s.web.servlet.handler.SimpleUrlHandlerMapping - Mapped URL path [/**] onto handler of type [class org.springframework.web.servlet.resource.ResourceHttpRequestHandler]
2018-09-09 20:48:50.819 [main] INFO  o.s.web.servlet.handler.SimpleUrlHandlerMapping - Mapped URL path [/**/favicon.ico] onto handler of type [class org.springframework.web.servlet.resource.ResourceHttpRequestHandler]
2018-09-09 20:48:51.800 [main] INFO  o.s.context.support.DefaultLifecycleProcessor - Starting beans in phase 2147483647
2018-09-09 20:48:51.823 [main] INFO  UserTest - Started UserTest in 12.578 seconds (JVM running for 15.579)
2018-09-09 20:48:52.090 [main] INFO  o.s.b.test.mock.web.SpringBootMockServletContext - Initializing Spring FrameworkServlet ''
2018-09-09 20:48:52.092 [main] INFO  o.s.test.web.servlet.TestDispatcherServlet - FrameworkServlet '': initialization started
2018-09-09 20:48:52.175 [main] INFO  o.s.test.web.servlet.TestDispatcherServlet - FrameworkServlet '': initialization completed in 83 ms
2018-09-09 20:48:53.326 [main] DEBUG org.hibernate.SQL - insert into user_info (age, balance, name, user_name) values (?, ?, ?, ?)
2018-09-09 20:48:53.359 [main] TRACE org.hibernate.type.descriptor.sql.BasicBinder - binding parameter [1] as [INTEGER] - [18]
2018-09-09 20:48:53.363 [main] TRACE org.hibernate.type.descriptor.sql.BasicBinder - binding parameter [2] as [NUMERIC] - [null]
2018-09-09 20:48:53.365 [main] TRACE org.hibernate.type.descriptor.sql.BasicBinder - binding parameter [3] as [VARCHAR] - [jamie]
2018-09-09 20:48:53.367 [main] TRACE org.hibernate.type.descriptor.sql.BasicBinder - binding parameter [4] as [VARCHAR] - [makesailing]
2018-09-09 20:48:53.384 [main] WARN  org.hibernate.engine.jdbc.spi.SqlExceptionHelper - SQL Error: 1146, SQLState: 42S02
2018-09-09 20:48:53.386 [main] ERROR org.hibernate.engine.jdbc.spi.SqlExceptionHelper - Table 'test.user_info' doesn't exist
2018-09-09 20:48:53.476 [Thread-3] INFO  o.s.w.context.support.GenericWebApplicationContext - Closing org.springframework.web.context.support.GenericWebApplicationContext@3a6f2de3: startup date [Sun Sep 09 20:48:40 CST 2018]; root of context hierarchy
2018-09-09 20:48:53.479 [Thread-3] INFO  o.s.context.support.DefaultLifecycleProcessor - Stopping beans in phase 2147483647
2018-09-09 20:48:53.483 [Thread-3] INFO  o.s.orm.jpa.LocalContainerEntityManagerFactoryBean - Closing JPA EntityManagerFactory for persistence unit 'default'
2018-09-09 20:49:28.297 [main] INFO  o.s.b.t.context.SpringBootTestContextBootstrapper - Neither @ContextConfiguration nor @ContextHierarchy found for test class [UserTest], using SpringBootContextLoader
2018-09-09 20:49:28.314 [main] INFO  o.s.test.context.support.AbstractContextLoader - Could not detect default resource locations for test class [UserTest]: no resource found for suffixes {-context.xml, Context.groovy}.
2018-09-09 20:49:28.524 [main] INFO  o.s.b.t.context.SpringBootTestContextBootstrapper - Loaded default TestExecutionListener class names from location [META-INF/spring.factories]: [org.springframework.boot.test.mock.mockito.MockitoTestExecutionListener, org.springframework.boot.test.mock.mockito.ResetMocksTestExecutionListener, org.springframework.boot.test.autoconfigure.restdocs.RestDocsTestExecutionListener, org.springframework.boot.test.autoconfigure.web.client.MockRestServiceServerResetTestExecutionListener, org.springframework.boot.test.autoconfigure.web.servlet.MockMvcPrintOnlyOnFailureTestExecutionListener, org.springframework.boot.test.autoconfigure.web.servlet.WebDriverTestExecutionListener, org.springframework.test.context.web.ServletTestExecutionListener, org.springframework.test.context.support.DirtiesContextBeforeModesTestExecutionListener, org.springframework.test.context.support.DependencyInjectionTestExecutionListener, org.springframework.test.context.support.DirtiesContextTestExecutionListener, org.springframework.test.context.transaction.TransactionalTestExecutionListener, org.springframework.test.context.jdbc.SqlScriptsTestExecutionListener]
2018-09-09 20:49:28.596 [main] INFO  o.s.b.t.context.SpringBootTestContextBootstrapper - Using TestExecutionListeners: [org.springframework.test.context.web.ServletTestExecutionListener@6f53b8a, org.springframework.test.context.support.DirtiesContextBeforeModesTestExecutionListener@5c80cf32, org.springframework.boot.test.mock.mockito.MockitoTestExecutionListener@7d900ecf, org.springframework.boot.test.autoconfigure.SpringBootDependencyInjectionTestExecutionListener@6f01b95f, org.springframework.test.context.support.DirtiesContextTestExecutionListener@4007f65e, org.springframework.test.context.transaction.TransactionalTestExecutionListener@1a245833, org.springframework.test.context.jdbc.SqlScriptsTestExecutionListener@673fdbce, org.springframework.boot.test.mock.mockito.ResetMocksTestExecutionListener@5965d37, org.springframework.boot.test.autoconfigure.restdocs.RestDocsTestExecutionListener@7a5ceedd, org.springframework.boot.test.autoconfigure.web.client.MockRestServiceServerResetTestExecutionListener@4201c465, org.springframework.boot.test.autoconfigure.web.servlet.MockMvcPrintOnlyOnFailureTestExecutionListener@5b799640, org.springframework.boot.test.autoconfigure.web.servlet.WebDriverTestExecutionListener@6cb107fd]
2018-09-09 20:49:30.204 [main] INFO  UserTest - Starting UserTest on jamie-li with PID 13784 (started by Administrator in C:\java_work\jamie.li_review\rabbitmq-learning\springboot-direct-exchange\rabbitmq-provider)
2018-09-09 20:49:30.205 [main] INFO  UserTest - No active profile set, falling back to default profiles: default
2018-09-09 20:49:30.443 [main] INFO  o.s.w.context.support.GenericWebApplicationContext - Refreshing org.springframework.web.context.support.GenericWebApplicationContext@3a6f2de3: startup date [Sun Sep 09 20:49:30 CST 2018]; root of context hierarchy
2018-09-09 20:49:31.388 [background-preinit] INFO  org.hibernate.validator.internal.util.Version - HV000001: Hibernate Validator 5.3.6.Final
2018-09-09 20:49:34.110 [main] INFO  o.s.c.s.PostProcessorRegistrationDelegate$BeanPostProcessorChecker - Bean 'org.springframework.amqp.rabbit.annotation.RabbitBootstrapConfiguration' of type [org.springframework.amqp.rabbit.annotation.RabbitBootstrapConfiguration$$EnhancerBySpringCGLIB$$ca21a6cf] is not eligible for getting processed by all BeanPostProcessors (for example: not eligible for auto-proxying)
2018-09-09 20:49:34.313 [main] INFO  o.s.c.s.PostProcessorRegistrationDelegate$BeanPostProcessorChecker - Bean 'org.springframework.transaction.annotation.ProxyTransactionManagementConfiguration' of type [org.springframework.transaction.annotation.ProxyTransactionManagementConfiguration$$EnhancerBySpringCGLIB$$3b5e8a1] is not eligible for getting processed by all BeanPostProcessors (for example: not eligible for auto-proxying)
2018-09-09 20:49:35.987 [main] INFO  o.s.orm.jpa.LocalContainerEntityManagerFactoryBean - Building JPA container EntityManagerFactory for persistence unit 'default'
2018-09-09 20:49:36.033 [main] INFO  org.hibernate.jpa.internal.util.LogHelper - HHH000204: Processing PersistenceUnitInfo [
	name: default
	...]
2018-09-09 20:49:36.226 [main] INFO  org.hibernate.Version - HHH000412: Hibernate Core {5.0.12.Final}
2018-09-09 20:49:36.230 [main] INFO  org.hibernate.cfg.Environment - HHH000206: hibernate.properties not found
2018-09-09 20:49:36.235 [main] INFO  org.hibernate.cfg.Environment - HHH000021: Bytecode provider name : javassist
2018-09-09 20:49:36.338 [main] INFO  org.hibernate.annotations.common.Version - HCANN000001: Hibernate Commons Annotations {5.0.1.Final}
2018-09-09 20:49:36.708 [main] INFO  org.hibernate.dialect.Dialect - HHH000400: Using dialect: org.hibernate.dialect.MySQL5Dialect
2018-09-09 20:49:38.361 [main] INFO  o.s.orm.jpa.LocalContainerEntityManagerFactoryBean - Initialized JPA EntityManagerFactory for persistence unit 'default'
2018-09-09 20:49:40.710 [main] INFO  o.s.w.s.m.m.a.RequestMappingHandlerAdapter - Looking for @ControllerAdvice: org.springframework.web.context.support.GenericWebApplicationContext@3a6f2de3: startup date [Sun Sep 09 20:49:30 CST 2018]; root of context hierarchy
2018-09-09 20:49:41.006 [main] INFO  o.s.w.s.m.m.a.RequestMappingHandlerMapping - Mapped "{[/user/save],methods=[POST]}" onto public com.makesailing.neo.domain.UserEntity com.makesailing.neo.controller.UserController.save(com.makesailing.neo.domain.UserEntity) throws java.lang.Exception
2018-09-09 20:49:41.013 [main] INFO  o.s.w.s.m.m.a.RequestMappingHandlerMapping - Mapped "{[/error]}" onto public org.springframework.http.ResponseEntity<java.util.Map<java.lang.String, java.lang.Object>> org.springframework.boot.autoconfigure.web.BasicErrorController.error(javax.servlet.http.HttpServletRequest)
2018-09-09 20:49:41.015 [main] INFO  o.s.w.s.m.m.a.RequestMappingHandlerMapping - Mapped "{[/error],produces=[text/html]}" onto public org.springframework.web.servlet.ModelAndView org.springframework.boot.autoconfigure.web.BasicErrorController.errorHtml(javax.servlet.http.HttpServletRequest,javax.servlet.http.HttpServletResponse)
2018-09-09 20:49:41.181 [main] INFO  o.s.web.servlet.handler.SimpleUrlHandlerMapping - Mapped URL path [/webjars/**] onto handler of type [class org.springframework.web.servlet.resource.ResourceHttpRequestHandler]
2018-09-09 20:49:41.181 [main] INFO  o.s.web.servlet.handler.SimpleUrlHandlerMapping - Mapped URL path [/**] onto handler of type [class org.springframework.web.servlet.resource.ResourceHttpRequestHandler]
2018-09-09 20:49:41.338 [main] INFO  o.s.web.servlet.handler.SimpleUrlHandlerMapping - Mapped URL path [/**/favicon.ico] onto handler of type [class org.springframework.web.servlet.resource.ResourceHttpRequestHandler]
2018-09-09 20:49:42.505 [main] INFO  o.s.context.support.DefaultLifecycleProcessor - Starting beans in phase 2147483647
2018-09-09 20:49:42.541 [main] INFO  UserTest - Started UserTest in 13.636 seconds (JVM running for 15.997)
2018-09-09 20:49:42.721 [main] INFO  o.s.b.test.mock.web.SpringBootMockServletContext - Initializing Spring FrameworkServlet ''
2018-09-09 20:49:42.723 [main] INFO  o.s.test.web.servlet.TestDispatcherServlet - FrameworkServlet '': initialization started
2018-09-09 20:49:42.780 [main] INFO  o.s.test.web.servlet.TestDispatcherServlet - FrameworkServlet '': initialization completed in 54 ms
2018-09-09 20:49:43.280 [main] DEBUG org.hibernate.SQL - insert into user_info (age, balance, name, user_name) values (?, ?, ?, ?)
2018-09-09 20:49:43.327 [main] TRACE org.hibernate.type.descriptor.sql.BasicBinder - binding parameter [1] as [INTEGER] - [18]
2018-09-09 20:49:43.331 [main] TRACE org.hibernate.type.descriptor.sql.BasicBinder - binding parameter [2] as [NUMERIC] - [null]
2018-09-09 20:49:43.332 [main] TRACE org.hibernate.type.descriptor.sql.BasicBinder - binding parameter [3] as [VARCHAR] - [jamie]
2018-09-09 20:49:43.333 [main] TRACE org.hibernate.type.descriptor.sql.BasicBinder - binding parameter [4] as [VARCHAR] - [makesailing]
2018-09-09 20:49:43.439 [main] INFO  o.s.a.rabbit.connection.CachingConnectionFactory - Attempting to connect to: [localhost:5672]
2018-09-09 20:49:43.556 [main] INFO  o.s.a.rabbit.connection.CachingConnectionFactory - Created new connection: rabbitConnectionFactory#3f1fb139:0/SimpleConnection@34cfdd84 [delegate=amqp://guest@127.0.0.1:5672/, localPort= 13007]
2018-09-09 20:49:43.724 [Thread-3] INFO  o.s.w.context.support.GenericWebApplicationContext - Closing org.springframework.web.context.support.GenericWebApplicationContext@3a6f2de3: startup date [Sun Sep 09 20:49:30 CST 2018]; root of context hierarchy
2018-09-09 20:49:43.729 [Thread-3] INFO  o.s.context.support.DefaultLifecycleProcessor - Stopping beans in phase 2147483647
2018-09-09 20:49:43.760 [Thread-3] INFO  o.s.orm.jpa.LocalContainerEntityManagerFactoryBean - Closing JPA EntityManagerFactory for persistence unit 'default'
2018-09-09 22:09:26.064 [main] INFO  o.s.b.t.context.SpringBootTestContextBootstrapper - Neither @ContextConfiguration nor @ContextHierarchy found for test class [UserTest], using SpringBootContextLoader
2018-09-09 22:09:26.083 [main] INFO  o.s.test.context.support.AbstractContextLoader - Could not detect default resource locations for test class [UserTest]: no resource found for suffixes {-context.xml, Context.groovy}.
2018-09-09 22:09:26.301 [main] INFO  o.s.b.t.context.SpringBootTestContextBootstrapper - Loaded default TestExecutionListener class names from location [META-INF/spring.factories]: [org.springframework.boot.test.mock.mockito.MockitoTestExecutionListener, org.springframework.boot.test.mock.mockito.ResetMocksTestExecutionListener, org.springframework.boot.test.autoconfigure.restdocs.RestDocsTestExecutionListener, org.springframework.boot.test.autoconfigure.web.client.MockRestServiceServerResetTestExecutionListener, org.springframework.boot.test.autoconfigure.web.servlet.MockMvcPrintOnlyOnFailureTestExecutionListener, org.springframework.boot.test.autoconfigure.web.servlet.WebDriverTestExecutionListener, org.springframework.test.context.web.ServletTestExecutionListener, org.springframework.test.context.support.DirtiesContextBeforeModesTestExecutionListener, org.springframework.test.context.support.DependencyInjectionTestExecutionListener, org.springframework.test.context.support.DirtiesContextTestExecutionListener, org.springframework.test.context.transaction.TransactionalTestExecutionListener, org.springframework.test.context.jdbc.SqlScriptsTestExecutionListener]
2018-09-09 22:09:26.369 [main] INFO  o.s.b.t.context.SpringBootTestContextBootstrapper - Using TestExecutionListeners: [org.springframework.test.context.web.ServletTestExecutionListener@6f53b8a, org.springframework.test.context.support.DirtiesContextBeforeModesTestExecutionListener@5c80cf32, org.springframework.boot.test.mock.mockito.MockitoTestExecutionListener@7d900ecf, org.springframework.boot.test.autoconfigure.SpringBootDependencyInjectionTestExecutionListener@6f01b95f, org.springframework.test.context.support.DirtiesContextTestExecutionListener@4007f65e, org.springframework.test.context.transaction.TransactionalTestExecutionListener@1a245833, org.springframework.test.context.jdbc.SqlScriptsTestExecutionListener@673fdbce, org.springframework.boot.test.mock.mockito.ResetMocksTestExecutionListener@5965d37, org.springframework.boot.test.autoconfigure.restdocs.RestDocsTestExecutionListener@7a5ceedd, org.springframework.boot.test.autoconfigure.web.client.MockRestServiceServerResetTestExecutionListener@4201c465, org.springframework.boot.test.autoconfigure.web.servlet.MockMvcPrintOnlyOnFailureTestExecutionListener@5b799640, org.springframework.boot.test.autoconfigure.web.servlet.WebDriverTestExecutionListener@6cb107fd]
2018-09-09 22:09:28.041 [main] INFO  UserTest - Starting UserTest on jamie-li with PID 6320 (started by Administrator in C:\java_work\jamie.li_review\rabbitmq-learning\springboot-direct-exchange\rabbitmq-provider)
2018-09-09 22:09:28.042 [main] INFO  UserTest - No active profile set, falling back to default profiles: default
2018-09-09 22:09:28.307 [main] INFO  o.s.w.context.support.GenericWebApplicationContext - Refreshing org.springframework.web.context.support.GenericWebApplicationContext@160ac7fb: startup date [Sun Sep 09 22:09:28 CST 2018]; root of context hierarchy
2018-09-09 22:09:29.267 [background-preinit] INFO  org.hibernate.validator.internal.util.Version - HV000001: Hibernate Validator 5.3.6.Final
2018-09-09 22:09:31.326 [main] INFO  o.s.c.s.PostProcessorRegistrationDelegate$BeanPostProcessorChecker - Bean 'org.springframework.amqp.rabbit.annotation.RabbitBootstrapConfiguration' of type [org.springframework.amqp.rabbit.annotation.RabbitBootstrapConfiguration$$EnhancerBySpringCGLIB$$6b650763] is not eligible for getting processed by all BeanPostProcessors (for example: not eligible for auto-proxying)
2018-09-09 22:09:31.521 [main] INFO  o.s.c.s.PostProcessorRegistrationDelegate$BeanPostProcessorChecker - Bean 'org.springframework.transaction.annotation.ProxyTransactionManagementConfiguration' of type [org.springframework.transaction.annotation.ProxyTransactionManagementConfiguration$$EnhancerBySpringCGLIB$$a4f94935] is not eligible for getting processed by all BeanPostProcessors (for example: not eligible for auto-proxying)
2018-09-09 22:09:33.258 [main] INFO  o.s.orm.jpa.LocalContainerEntityManagerFactoryBean - Building JPA container EntityManagerFactory for persistence unit 'default'
2018-09-09 22:09:33.299 [main] INFO  org.hibernate.jpa.internal.util.LogHelper - HHH000204: Processing PersistenceUnitInfo [
	name: default
	...]
2018-09-09 22:09:33.492 [main] INFO  org.hibernate.Version - HHH000412: Hibernate Core {5.0.12.Final}
2018-09-09 22:09:33.496 [main] INFO  org.hibernate.cfg.Environment - HHH000206: hibernate.properties not found
2018-09-09 22:09:33.501 [main] INFO  org.hibernate.cfg.Environment - HHH000021: Bytecode provider name : javassist
2018-09-09 22:09:33.606 [main] INFO  org.hibernate.annotations.common.Version - HCANN000001: Hibernate Commons Annotations {5.0.1.Final}
2018-09-09 22:09:33.946 [main] INFO  org.hibernate.dialect.Dialect - HHH000400: Using dialect: org.hibernate.dialect.MySQL5Dialect
2018-09-09 22:09:35.592 [main] INFO  o.s.orm.jpa.LocalContainerEntityManagerFactoryBean - Initialized JPA EntityManagerFactory for persistence unit 'default'
2018-09-09 22:09:38.098 [main] INFO  o.s.w.s.m.m.a.RequestMappingHandlerAdapter - Looking for @ControllerAdvice: org.springframework.web.context.support.GenericWebApplicationContext@160ac7fb: startup date [Sun Sep 09 22:09:28 CST 2018]; root of context hierarchy
2018-09-09 22:09:38.347 [main] INFO  o.s.w.s.m.m.a.RequestMappingHandlerMapping - Mapped "{[/user/save],methods=[POST]}" onto public com.makesailing.neo.domain.UserEntity com.makesailing.neo.controller.UserController.save(com.makesailing.neo.domain.UserEntity) throws java.lang.Exception
2018-09-09 22:09:38.354 [main] INFO  o.s.w.s.m.m.a.RequestMappingHandlerMapping - Mapped "{[/error]}" onto public org.springframework.http.ResponseEntity<java.util.Map<java.lang.String, java.lang.Object>> org.springframework.boot.autoconfigure.web.BasicErrorController.error(javax.servlet.http.HttpServletRequest)
2018-09-09 22:09:38.357 [main] INFO  o.s.w.s.m.m.a.RequestMappingHandlerMapping - Mapped "{[/error],produces=[text/html]}" onto public org.springframework.web.servlet.ModelAndView org.springframework.boot.autoconfigure.web.BasicErrorController.errorHtml(javax.servlet.http.HttpServletRequest,javax.servlet.http.HttpServletResponse)
2018-09-09 22:09:38.511 [main] INFO  o.s.web.servlet.handler.SimpleUrlHandlerMapping - Mapped URL path [/webjars/**] onto handler of type [class org.springframework.web.servlet.resource.ResourceHttpRequestHandler]
2018-09-09 22:09:38.511 [main] INFO  o.s.web.servlet.handler.SimpleUrlHandlerMapping - Mapped URL path [/**] onto handler of type [class org.springframework.web.servlet.resource.ResourceHttpRequestHandler]
2018-09-09 22:09:38.656 [main] INFO  o.s.web.servlet.handler.SimpleUrlHandlerMapping - Mapped URL path [/**/favicon.ico] onto handler of type [class org.springframework.web.servlet.resource.ResourceHttpRequestHandler]
2018-09-09 22:09:39.574 [main] INFO  o.s.context.support.DefaultLifecycleProcessor - Starting beans in phase 2147483647
2018-09-09 22:09:39.600 [main] INFO  UserTest - Started UserTest in 12.897 seconds (JVM running for 15.564)
2018-09-09 22:09:39.750 [main] INFO  o.s.b.test.mock.web.SpringBootMockServletContext - Initializing Spring FrameworkServlet ''
2018-09-09 22:09:39.752 [main] INFO  o.s.test.web.servlet.TestDispatcherServlet - FrameworkServlet '': initialization started
2018-09-09 22:09:39.810 [main] INFO  o.s.test.web.servlet.TestDispatcherServlet - FrameworkServlet '': initialization completed in 57 ms
2018-09-09 22:09:40.373 [main] DEBUG org.hibernate.SQL - insert into user_info (age, balance, name, user_name) values (?, ?, ?, ?)
2018-09-09 22:09:40.415 [main] TRACE org.hibernate.type.descriptor.sql.BasicBinder - binding parameter [1] as [INTEGER] - [18]
2018-09-09 22:09:40.419 [main] TRACE org.hibernate.type.descriptor.sql.BasicBinder - binding parameter [2] as [NUMERIC] - [null]
2018-09-09 22:09:40.420 [main] TRACE org.hibernate.type.descriptor.sql.BasicBinder - binding parameter [3] as [VARCHAR] - [jamie]
2018-09-09 22:09:40.421 [main] TRACE org.hibernate.type.descriptor.sql.BasicBinder - binding parameter [4] as [VARCHAR] - [makesailing]
2018-09-09 22:09:40.451 [main] INFO  o.s.a.rabbit.connection.CachingConnectionFactory - Attempting to connect to: [localhost:5672]
2018-09-09 22:09:40.547 [main] INFO  o.s.a.rabbit.connection.CachingConnectionFactory - Created new connection: rabbitConnectionFactory#28888124:0/SimpleConnection@42172065 [delegate=amqp://guest@127.0.0.1:5672/, localPort= 3593]
2018-09-09 22:09:40.683 [Thread-3] INFO  o.s.w.context.support.GenericWebApplicationContext - Closing org.springframework.web.context.support.GenericWebApplicationContext@160ac7fb: startup date [Sun Sep 09 22:09:28 CST 2018]; root of context hierarchy
2018-09-09 22:09:40.688 [Thread-3] INFO  o.s.context.support.DefaultLifecycleProcessor - Stopping beans in phase 2147483647
2018-09-09 22:09:40.735 [Thread-3] INFO  o.s.orm.jpa.LocalContainerEntityManagerFactoryBean - Closing JPA EntityManagerFactory for persistence unit 'default'
