2018-09-10 21:52:37.138 [main] INFO  o.s.b.t.context.SpringBootTestContextBootstrapper - Neither @ContextConfiguration nor @ContextHierarchy found for test class [UserTest], using SpringBootContextLoader
2018-09-10 21:52:37.149 [main] INFO  o.s.test.context.support.AbstractContextLoader - Could not detect default resource locations for test class [UserTest]: no resource found for suffixes {-context.xml, Context.groovy}.
2018-09-10 21:52:37.307 [main] INFO  o.s.b.t.context.SpringBootTestContextBootstrapper - Loaded default TestExecutionListener class names from location [META-INF/spring.factories]: [org.springframework.boot.test.mock.mockito.MockitoTestExecutionListener, org.springframework.boot.test.mock.mockito.ResetMocksTestExecutionListener, org.springframework.boot.test.autoconfigure.restdocs.RestDocsTestExecutionListener, org.springframework.boot.test.autoconfigure.web.client.MockRestServiceServerResetTestExecutionListener, org.springframework.boot.test.autoconfigure.web.servlet.MockMvcPrintOnlyOnFailureTestExecutionListener, org.springframework.boot.test.autoconfigure.web.servlet.WebDriverTestExecutionListener, org.springframework.test.context.web.ServletTestExecutionListener, org.springframework.test.context.support.DirtiesContextBeforeModesTestExecutionListener, org.springframework.test.context.support.DependencyInjectionTestExecutionListener, org.springframework.test.context.support.DirtiesContextTestExecutionListener, org.springframework.test.context.transaction.TransactionalTestExecutionListener, org.springframework.test.context.jdbc.SqlScriptsTestExecutionListener]
2018-09-10 21:52:37.361 [main] INFO  o.s.b.t.context.SpringBootTestContextBootstrapper - Using TestExecutionListeners: [org.springframework.test.context.web.ServletTestExecutionListener@6f53b8a, org.springframework.test.context.support.DirtiesContextBeforeModesTestExecutionListener@5c80cf32, org.springframework.boot.test.mock.mockito.MockitoTestExecutionListener@7d900ecf, org.springframework.boot.test.autoconfigure.SpringBootDependencyInjectionTestExecutionListener@6f01b95f, org.springframework.test.context.support.DirtiesContextTestExecutionListener@4007f65e, org.springframework.test.context.transaction.TransactionalTestExecutionListener@1a245833, org.springframework.test.context.jdbc.SqlScriptsTestExecutionListener@673fdbce, org.springframework.boot.test.mock.mockito.ResetMocksTestExecutionListener@5965d37, org.springframework.boot.test.autoconfigure.restdocs.RestDocsTestExecutionListener@7a5ceedd, org.springframework.boot.test.autoconfigure.web.client.MockRestServiceServerResetTestExecutionListener@4201c465, org.springframework.boot.test.autoconfigure.web.servlet.MockMvcPrintOnlyOnFailureTestExecutionListener@5b799640, org.springframework.boot.test.autoconfigure.web.servlet.WebDriverTestExecutionListener@6cb107fd]
2018-09-10 21:52:38.400 [main] INFO  UserTest - Starting UserTest on jamie-li with PID 1160 (started by Administrator in C:\java_work\jamie.li_review\rabbitmq-learning\springboot-direct-exchange\rabbitmq-provider)
2018-09-10 21:52:38.401 [main] INFO  UserTest - No active profile set, falling back to default profiles: default
2018-09-10 21:52:38.469 [main] INFO  o.s.w.context.support.GenericWebApplicationContext - Refreshing org.springframework.web.context.support.GenericWebApplicationContext@3dddefd8: startup date [Mon Sep 10 21:52:38 CST 2018]; root of context hierarchy
2018-09-10 21:52:39.517 [background-preinit] INFO  org.hibernate.validator.internal.util.Version - HV000001: Hibernate Validator 5.3.6.Final
2018-09-10 21:52:41.624 [main] INFO  o.s.c.s.PostProcessorRegistrationDelegate$BeanPostProcessorChecker - Bean 'org.springframework.amqp.rabbit.annotation.RabbitBootstrapConfiguration' of type [org.springframework.amqp.rabbit.annotation.RabbitBootstrapConfiguration$$EnhancerBySpringCGLIB$$7a686e46] is not eligible for getting processed by all BeanPostProcessors (for example: not eligible for auto-proxying)
2018-09-10 21:52:41.871 [main] INFO  o.s.c.s.PostProcessorRegistrationDelegate$BeanPostProcessorChecker - Bean 'org.springframework.transaction.annotation.ProxyTransactionManagementConfiguration' of type [org.springframework.transaction.annotation.ProxyTransactionManagementConfiguration$$EnhancerBySpringCGLIB$$b3fcb018] is not eligible for getting processed by all BeanPostProcessors (for example: not eligible for auto-proxying)
2018-09-10 21:52:43.886 [main] INFO  o.s.orm.jpa.LocalContainerEntityManagerFactoryBean - Building JPA container EntityManagerFactory for persistence unit 'default'
2018-09-10 21:52:43.942 [main] INFO  org.hibernate.jpa.internal.util.LogHelper - HHH000204: Processing PersistenceUnitInfo [
	name: default
	...]
2018-09-10 21:52:44.203 [main] INFO  org.hibernate.Version - HHH000412: Hibernate Core {5.0.12.Final}
2018-09-10 21:52:44.210 [main] INFO  org.hibernate.cfg.Environment - HHH000206: hibernate.properties not found
2018-09-10 21:52:44.217 [main] INFO  org.hibernate.cfg.Environment - HHH000021: Bytecode provider name : javassist
2018-09-10 21:52:44.381 [main] INFO  org.hibernate.annotations.common.Version - HCANN000001: Hibernate Commons Annotations {5.0.1.Final}
2018-09-10 21:52:44.766 [main] INFO  org.hibernate.dialect.Dialect - HHH000400: Using dialect: org.hibernate.dialect.MySQL5Dialect
2018-09-10 21:52:46.264 [main] INFO  o.s.orm.jpa.LocalContainerEntityManagerFactoryBean - Initialized JPA EntityManagerFactory for persistence unit 'default'
2018-09-10 21:52:49.140 [main] INFO  o.s.w.s.m.m.a.RequestMappingHandlerAdapter - Looking for @ControllerAdvice: org.springframework.web.context.support.GenericWebApplicationContext@3dddefd8: startup date [Mon Sep 10 21:52:38 CST 2018]; root of context hierarchy
2018-09-10 21:52:49.457 [main] INFO  o.s.w.s.m.m.a.RequestMappingHandlerMapping - Mapped "{[/user/save],methods=[POST]}" onto public com.makesailing.neo.domain.UserEntity com.makesailing.neo.controller.UserController.save(com.makesailing.neo.domain.UserEntity) throws java.lang.Exception
2018-09-10 21:52:49.465 [main] INFO  o.s.w.s.m.m.a.RequestMappingHandlerMapping - Mapped "{[/error]}" onto public org.springframework.http.ResponseEntity<java.util.Map<java.lang.String, java.lang.Object>> org.springframework.boot.autoconfigure.web.BasicErrorController.error(javax.servlet.http.HttpServletRequest)
2018-09-10 21:52:49.468 [main] INFO  o.s.w.s.m.m.a.RequestMappingHandlerMapping - Mapped "{[/error],produces=[text/html]}" onto public org.springframework.web.servlet.ModelAndView org.springframework.boot.autoconfigure.web.BasicErrorController.errorHtml(javax.servlet.http.HttpServletRequest,javax.servlet.http.HttpServletResponse)
2018-09-10 21:52:49.688 [main] INFO  o.s.web.servlet.handler.SimpleUrlHandlerMapping - Mapped URL path [/webjars/**] onto handler of type [class org.springframework.web.servlet.resource.ResourceHttpRequestHandler]
2018-09-10 21:52:49.689 [main] INFO  o.s.web.servlet.handler.SimpleUrlHandlerMapping - Mapped URL path [/**] onto handler of type [class org.springframework.web.servlet.resource.ResourceHttpRequestHandler]
2018-09-10 21:52:49.822 [main] INFO  o.s.web.servlet.handler.SimpleUrlHandlerMapping - Mapped URL path [/**/favicon.ico] onto handler of type [class org.springframework.web.servlet.resource.ResourceHttpRequestHandler]
2018-09-10 21:52:50.809 [main] INFO  o.s.context.support.DefaultLifecycleProcessor - Starting beans in phase 2147483647
2018-09-10 21:52:50.839 [main] INFO  UserTest - Started UserTest in 13.194 seconds (JVM running for 16.923)
2018-09-10 21:52:51.189 [main] INFO  o.s.b.test.mock.web.SpringBootMockServletContext - Initializing Spring FrameworkServlet ''
2018-09-10 21:52:51.192 [main] INFO  o.s.test.web.servlet.TestDispatcherServlet - FrameworkServlet '': initialization started
2018-09-10 21:52:51.245 [main] INFO  o.s.test.web.servlet.TestDispatcherServlet - FrameworkServlet '': initialization completed in 53 ms
2018-09-10 21:52:52.006 [main] DEBUG org.hibernate.SQL - insert into user_info (age, balance, name, user_name) values (?, ?, ?, ?)
2018-09-10 21:52:52.055 [main] TRACE org.hibernate.type.descriptor.sql.BasicBinder - binding parameter [1] as [INTEGER] - [18]
2018-09-10 21:52:52.060 [main] TRACE org.hibernate.type.descriptor.sql.BasicBinder - binding parameter [2] as [NUMERIC] - [null]
2018-09-10 21:52:52.065 [main] TRACE org.hibernate.type.descriptor.sql.BasicBinder - binding parameter [3] as [VARCHAR] - [jamie]
2018-09-10 21:52:52.065 [main] TRACE org.hibernate.type.descriptor.sql.BasicBinder - binding parameter [4] as [VARCHAR] - [makesailing]
2018-09-10 21:52:52.123 [main] INFO  o.s.a.rabbit.connection.CachingConnectionFactory - Attempting to connect to: [localhost:5672]
2018-09-10 21:52:52.307 [main] INFO  o.s.a.rabbit.connection.CachingConnectionFactory - Created new connection: rabbitConnectionFactory#6963b0bd:0/SimpleConnection@2cbc2db2 [delegate=amqp://guest@127.0.0.1:5672/, localPort= 3802]
2018-09-10 21:52:52.526 [Thread-3] INFO  o.s.w.context.support.GenericWebApplicationContext - Closing org.springframework.web.context.support.GenericWebApplicationContext@3dddefd8: startup date [Mon Sep 10 21:52:38 CST 2018]; root of context hierarchy
2018-09-10 21:52:52.529 [Thread-3] INFO  o.s.context.support.DefaultLifecycleProcessor - Stopping beans in phase 2147483647
2018-09-10 21:52:52.592 [Thread-3] INFO  o.s.orm.jpa.LocalContainerEntityManagerFactoryBean - Closing JPA EntityManagerFactory for persistence unit 'default'
